<?xml version="1.0" encoding="UTF-8"?>
<testsuite name="raidzero.robot.pathing.HolonomicPathTester" tests="1" skipped="0" failures="0" errors="0" timestamp="2022-01-10T11:48:24" hostname="GARY" time="0.047">
  <properties/>
  <testcase name="isCorrectlyGenerating" classname="raidzero.robot.pathing.HolonomicPathTester" time="0.047"/>
  <system-out><![CDATA[0.00s > (0.00, 0.00) | 0.00 in/100ms | 0.00 deg
0.24s > (0.00, 3.00) | 2.45 in/100ms | 6.59 deg
0.35s > (0.00, 6.00) | 3.46 in/100ms | 9.32 deg
0.42s > (0.00, 9.00) | 4.24 in/100ms | 11.41 deg
0.49s > (0.00, 12.00) | 4.90 in/100ms | 13.17 deg
0.55s > (0.00, 15.00) | 5.48 in/100ms | 14.73 deg
0.60s > (0.00, 18.00) | 6.00 in/100ms | 16.14 deg
0.65s > (0.00, 21.00) | 6.48 in/100ms | 17.43 deg
0.69s > (0.00, 24.00) | 6.93 in/100ms | 18.63 deg
0.73s > (0.00, 27.00) | 7.35 in/100ms | 19.76 deg
0.77s > (0.00, 30.00) | 7.75 in/100ms | 20.83 deg
0.81s > (0.00, 33.00) | 8.12 in/100ms | 21.85 deg
0.85s > (-0.00, 36.00) | 8.25 in/100ms | 22.82 deg
0.89s > (-0.00, 39.00) | 7.87 in/100ms | 23.82 deg
0.92s > (-0.00, 42.00) | 7.48 in/100ms | 24.88 deg
0.97s > (-0.00, 45.00) | 7.07 in/100ms | 25.98 deg
1.01s > (-0.00, 48.00) | 6.63 in/100ms | 27.16 deg
1.06s > (-0.00, 51.00) | 6.16 in/100ms | 28.42 deg
1.11s > (-0.00, 54.00) | 5.66 in/100ms | 29.79 deg
1.16s > (-0.00, 57.00) | 5.10 in/100ms | 31.29 deg
1.23s > (-0.00, 60.00) | 4.47 in/100ms | 32.97 deg
1.30s > (-0.00, 63.00) | 3.74 in/100ms | 34.94 deg
1.39s > (-0.00, 66.00) | 2.83 in/100ms | 37.39 deg
1.53s > (-0.00, 69.00) | 1.41 in/100ms | 41.20 deg
1.67s > (-0.00, 70.00) | 0.00 in/100ms | 45.00 deg
=============================
0.00s > 0.00 in | 0.00 in/100ms | 90.00 deg
0.24s > 5.08 in | 2.08 in/100ms | 107.46 deg
0.35s > 8.83 in | 3.69 in/100ms | 94.42 deg
0.42s > 12.37 in | 4.54 in/100ms | 90.01 deg
0.49s > 15.79 in | 5.22 in/100ms | 86.94 deg
0.55s > 19.15 in | 5.81 in/100ms | 84.51 deg
0.60s > 22.46 in | 6.33 in/100ms | 82.45 deg
0.65s > 25.73 in | 6.81 in/100ms | 80.65 deg
0.69s > 28.98 in | 7.25 in/100ms | 79.04 deg
0.73s > 32.20 in | 7.66 in/100ms | 77.56 deg
0.77s > 35.40 in | 8.05 in/100ms | 76.20 deg
0.81s > 38.58 in | 8.42 in/100ms | 74.92 deg
0.85s > 41.75 in | 8.73 in/100ms | 73.75 deg
0.89s > 44.91 in | 8.51 in/100ms | 72.97 deg
0.92s > 48.08 in | 8.11 in/100ms | 72.30 deg
0.97s > 51.26 in | 7.70 in/100ms | 71.64 deg
1.01s > 54.43 in | 7.26 in/100ms | 70.98 deg
1.06s > 57.62 in | 6.79 in/100ms | 70.35 deg
1.11s > 60.80 in | 6.28 in/100ms | 69.76 deg
1.16s > 64.00 in | 5.73 in/100ms | 69.26 deg
1.23s > 67.21 in | 5.12 in/100ms | 68.93 deg
1.30s > 70.44 in | 4.43 in/100ms | 68.96 deg
1.39s > 73.72 in | 3.59 in/100ms | 69.94 deg
1.53s > 77.18 in | 2.44 in/100ms | 74.96 deg
1.67s > 79.00 in | 1.29 in/100ms | 101.77 deg
]]></system-out>
  <system-err><![CDATA[]]></system-err>
</testsuite>
